Warning[205] C:\USERS\FATSO\ONEDRIVE\DESKTOP\ECE\ECE3301L\LAB4\PARTG\LAB4P7.X\LAB4PG.ASM 4 : Found directive in column 1. (config)
Warning[205] C:\USERS\FATSO\ONEDRIVE\DESKTOP\ECE\ECE3301L\LAB4\PARTG\LAB4P7.X\LAB4PG.ASM 5 : Found directive in column 1. (config)
Warning[205] C:\USERS\FATSO\ONEDRIVE\DESKTOP\ECE\ECE3301L\LAB4\PARTG\LAB4P7.X\LAB4PG.ASM 6 : Found directive in column 1. (config)
Warning[205] C:\USERS\FATSO\ONEDRIVE\DESKTOP\ECE\ECE3301L\LAB4\PARTG\LAB4P7.X\LAB4PG.ASM 7 : Found directive in column 1. (config)
Warning[205] C:\USERS\FATSO\ONEDRIVE\DESKTOP\ECE\ECE3301L\LAB4\PARTG\LAB4P7.X\LAB4PG.ASM 12 : Found directive in column 1. (ORG)
Warning[207] C:\USERS\FATSO\ONEDRIVE\DESKTOP\ECE\ECE3301L\LAB4\PARTG\LAB4P7.X\LAB4PG.ASM 104 : Found label after column 1. (ZERO_CHECK1)
Warning[207] C:\USERS\FATSO\ONEDRIVE\DESKTOP\ECE\ECE3301L\LAB4\PARTG\LAB4P7.X\LAB4PG.ASM 108 : Found label after column 1. (ZERO_RESET1)
Warning[207] C:\USERS\FATSO\ONEDRIVE\DESKTOP\ECE\ECE3301L\LAB4\PARTG\LAB4P7.X\LAB4PG.ASM 112 : Found label after column 1. (DONE1)
Warning[207] C:\USERS\FATSO\ONEDRIVE\DESKTOP\ECE\ECE3301L\LAB4\PARTG\LAB4P7.X\LAB4PG.ASM 134 : Found label after column 1. (ZERO_CHECK2)
Warning[207] C:\USERS\FATSO\ONEDRIVE\DESKTOP\ECE\ECE3301L\LAB4\PARTG\LAB4P7.X\LAB4PG.ASM 138 : Found label after column 1. (ZERO_RESET2)
Warning[207] C:\USERS\FATSO\ONEDRIVE\DESKTOP\ECE\ECE3301L\LAB4\PARTG\LAB4P7.X\LAB4PG.ASM 142 : Found label after column 1. (DONE2)
Warning[207] C:\USERS\FATSO\ONEDRIVE\DESKTOP\ECE\ECE3301L\LAB4\PARTG\LAB4P7.X\LAB4PG.ASM 164 : Found label after column 1. (ZERO_CHECK3)
Warning[207] C:\USERS\FATSO\ONEDRIVE\DESKTOP\ECE\ECE3301L\LAB4\PARTG\LAB4P7.X\LAB4PG.ASM 168 : Found label after column 1. (ZERO_RESET3)
Warning[207] C:\USERS\FATSO\ONEDRIVE\DESKTOP\ECE\ECE3301L\LAB4\PARTG\LAB4P7.X\LAB4PG.ASM 172 : Found label after column 1. (DONE3)
Warning[207] C:\USERS\FATSO\ONEDRIVE\DESKTOP\ECE\ECE3301L\LAB4\PARTG\LAB4P7.X\LAB4PG.ASM 194 : Found label after column 1. (ZERO_CHECK4)
Warning[207] C:\USERS\FATSO\ONEDRIVE\DESKTOP\ECE\ECE3301L\LAB4\PARTG\LAB4P7.X\LAB4PG.ASM 198 : Found label after column 1. (ZERO_RESET4)
Warning[207] C:\USERS\FATSO\ONEDRIVE\DESKTOP\ECE\ECE3301L\LAB4\PARTG\LAB4P7.X\LAB4PG.ASM 202 : Found label after column 1. (DONE4)
Warning[207] C:\USERS\FATSO\ONEDRIVE\DESKTOP\ECE\ECE3301L\LAB4\PARTG\LAB4P7.X\LAB4PG.ASM 215 : Found label after column 1. (CONVERT)
Warning[207] C:\USERS\FATSO\ONEDRIVE\DESKTOP\ECE\ECE3301L\LAB4\PARTG\LAB4P7.X\LAB4PG.ASM 220 : Found label after column 1. (FINISH)
Warning[207] C:\USERS\FATSO\ONEDRIVE\DESKTOP\ECE\ECE3301L\LAB4\PARTG\LAB4P7.X\LAB4PG.ASM 228 : Found label after column 1. (ZERO_CHECK5)
Warning[207] C:\USERS\FATSO\ONEDRIVE\DESKTOP\ECE\ECE3301L\LAB4\PARTG\LAB4P7.X\LAB4PG.ASM 232 : Found label after column 1. (ZERO_RESET5)
Warning[207] C:\USERS\FATSO\ONEDRIVE\DESKTOP\ECE\ECE3301L\LAB4\PARTG\LAB4P7.X\LAB4PG.ASM 236 : Found label after column 1. (DONE5)
Warning[205] C:\USERS\FATSO\ONEDRIVE\DESKTOP\ECE\ECE3301L\LAB4\PARTG\LAB4P7.X\LAB4PG.ASM 241 : Found directive in column 1. (END)
