

Microchip Technology PIC18 LITE Macro Assembler V1.34 build -361300703 
                                                                                               Thu Sep 08 16:55:15 2022

Microchip Technology Omniscient Code Generator (Lite mode) build 201502162209
     1                           	processor	18F4620
     2                           	fnconf	rparam,??,?,0
     3                           	opt	pw 120
     4                           	opt	lm
     5                           	psect	idataCOMRAM,global,class=CODE,delta=1
     6                           	psect	cinit,global,reloc=2,class=CODE,delta=1
     7                           	psect	dataCOMRAM,global,class=COMRAM,space=1,delta=1
     8                           	psect	cstackCOMRAM,global,class=COMRAM,space=1,delta=1
     9                           	psect	text0,global,reloc=2,class=CODE,delta=1
    10                           	psect	text1,global,reloc=2,class=CODE,delta=1
    11                           	psect	intsave_regs,global,class=BIGRAM,space=1,delta=1
    12                           	psect	rparam,global,class=COMRAM,space=1,delta=1
    13  0000                     
    14                           	psect	idataCOMRAM
    15  00FF00                     __pidataCOMRAM:
    16                           	opt stack 0
    17                           
    18                           ;initializer for main@F3452
    19  00FF00  0006               	dw	6
    20  00FF02  0007               	dw	7
    21  00FF04  0000               	dw	0
    22  00FF06  0002               	dw	2
    23  00FF08  0003               	dw	3
    24  00FF0A  0004               	dw	4
    25  00FF0C  0005               	dw	5
    26  00FF0E  0001               	dw	1
    27                           
    28                           ;initializer for main@F3454
    29  00FF10  0002               	dw	2
    30  00FF12  0007               	dw	7
    31  00FF14  0004               	dw	4
    32  00FF16  0000               	dw	0
    33  00FF18  0003               	dw	3
    34  00FF1A  0001               	dw	1
    35  00FF1C  0006               	dw	6
    36  00FF1E  0005               	dw	5
    37  0000                     _ADCON1	set	4033
    38  0000                     _PORTB	set	3969
    39  0000                     _PORTD	set	3971
    40  0000                     _PORTE	set	3972
    41  0000                     _TRISA	set	3986
    42  0000                     _TRISB	set	3987
    43  0000                     _TRISC	set	3988
    44  0000                     _TRISD	set	3989
    45  0000                     _TRISE	set	3990
    46                           
    47                           ; #config settings
    48  0000                     
    49                           	psect	cinit
    50  00FF44                     __pcinit:
    51                           	opt stack 0
    52  00FF44                     start_initialization:
    53                           	opt stack 0
    54  00FF44                     __initialization:
    55                           	opt stack 0
    56                           
    57                           ; Initialize objects allocated to COMRAM (32 bytes)
    58                           ; load TBLPTR registers with __pidataCOMRAM
    59  00FF44  0E00               	movlw	low __pidataCOMRAM
    60  00FF46  6EF6               	movwf	tblptrl,c
    61  00FF48  0EFF               	movlw	high __pidataCOMRAM
    62  00FF4A  6EF7               	movwf	tblptrh,c
    63  00FF4C  0E00               	movlw	low (__pidataCOMRAM shr (0+16))
    64  00FF4E  6EF8               	movwf	tblptru,c
    65  00FF50  EE00  F025         	lfsr	0,__pdataCOMRAM
    66  00FF54  EE10 F020          	lfsr	1,32
    67  00FF58                     copy_data0:
    68  00FF58  0009               	tblrd		*+
    69  00FF5A  CFF5 FFEE          	movff	tablat,postinc0
    70  00FF5E  50E5               	movf	postdec1,w,c
    71  00FF60  50E1               	movf	fsr1l,w,c
    72  00FF62  E1FA               	bnz	copy_data0
    73  00FF64                     end_of_initialization:
    74                           	opt stack 0
    75  00FF64                     __end_of__initialization:
    76                           	opt stack 0
    77  00FF64  0100               	movlb	0
    78  00FF66  EFB5  F07F         	goto	_main	;jump to C main() function
    79                           tblptru	equ	0xFF8
    80                           tblptrh	equ	0xFF7
    81                           tblptrl	equ	0xFF6
    82                           tablat	equ	0xFF5
    83                           postinc0	equ	0xFEE
    84                           postdec1	equ	0xFE5
    85                           fsr1l	equ	0xFE1
    86                           
    87                           	psect	dataCOMRAM
    88  000025                     __pdataCOMRAM:
    89                           	opt stack 0
    90  000025                     main@F3452:
    91                           	opt stack 0
    92  000025                     	ds	16
    93  000035                     main@F3454:
    94                           	opt stack 0
    95  000035                     	ds	16
    96                           tblptru	equ	0xFF8
    97                           tblptrh	equ	0xFF7
    98                           tblptrl	equ	0xFF6
    99                           tablat	equ	0xFF5
   100                           postinc0	equ	0xFEE
   101                           postdec1	equ	0xFE5
   102                           fsr1l	equ	0xFE1
   103                           
   104                           	psect	cstackCOMRAM
   105  000001                     __pcstackCOMRAM:
   106                           	opt stack 0
   107  000001                     Delay_One_Sec@I:
   108                           	opt stack 0
   109                           
   110                           ; 2 bytes @ 0x0
   111  000001                     	ds	2
   112  000003                     main@array2:
   113                           	opt stack 0
   114                           
   115                           ; 16 bytes @ 0x2
   116  000003                     	ds	16
   117  000013                     main@array3:
   118                           	opt stack 0
   119                           
   120                           ; 16 bytes @ 0x12
   121  000013                     	ds	16
   122  000023                     main@i:
   123                           	opt stack 0
   124                           
   125                           ; 2 bytes @ 0x22
   126  000023                     	ds	2
   127                           tblptru	equ	0xFF8
   128                           tblptrh	equ	0xFF7
   129                           tblptrl	equ	0xFF6
   130                           tablat	equ	0xFF5
   131                           postinc0	equ	0xFEE
   132                           postdec1	equ	0xFE5
   133                           fsr1l	equ	0xFE1
   134                           
   135 ;;
   136 ;;Main: autosize = 0, tempsize = 0, incstack = 0, save=0
   137 ;;
   138 ;; *************** function _main *****************
   139 ;; Defined at:
   140 ;;		line 16 in file "Lab2p5.c"
   141 ;; Parameters:    Size  Location     Type
   142 ;;		None
   143 ;; Auto vars:     Size  Location     Type
   144 ;;  i               2   34[COMRAM] int 
   145 ;;  array3         16   18[COMRAM] int [8]
   146 ;;  array2         16    2[COMRAM] int [8]
   147 ;;  in              1    0        unsigned char 
   148 ;; Return value:  Size  Location     Type
   149 ;;		None               void
   150 ;; Registers used:
   151 ;;		wreg, fsr1l, fsr1h, fsr2l, fsr2h, status,2, status,0, cstack
   152 ;; Tracked objects:
   153 ;;		On entry : 0/0
   154 ;;		On exit  : 0/0
   155 ;;		Unchanged: 0/0
   156 ;; Data sizes:     COMRAM   BANK0   BANK1   BANK2   BANK3   BANK4   BANK5   BANK6   BANK7   BANK8   BANK9  BANK10  BANK1
      +1  BANK12  BANK13  BANK14  BANK15
   157 ;;      Params:         0       0       0       0       0       0       0       0       0       0       0       0       
      +0       0       0       0       0
   158 ;;      Locals:        34       0       0       0       0       0       0       0       0       0       0       0       
      +0       0       0       0       0
   159 ;;      Temps:          0       0       0       0       0       0       0       0       0       0       0       0       
      +0       0       0       0       0
   160 ;;      Totals:        34       0       0       0       0       0       0       0       0       0       0       0       
      +0       0       0       0       0
   161 ;;Total ram usage:       34 bytes
   162 ;; Hardware stack levels required when called:    1
   163 ;; This function calls:
   164 ;;		_Delay_One_Sec
   165 ;; This function is called by:
   166 ;;		Startup code after reset
   167 ;; This function uses a non-reentrant model
   168 ;;
   169                           
   170                           	psect	text0
   171  00FF6A                     __ptext0:
   172                           	opt stack 0
   173  00FF6A                     _main:
   174                           	opt stack 30
   175                           
   176                           ;Lab2p5.c: 18: char in;
   177                           ;Lab2p5.c: 19: TRISA = 0xff;
   178                           
   179                           ;incstack = 0
   180  00FF6A  6892               	setf	3986,c	;volatile
   181                           
   182                           ;Lab2p5.c: 20: TRISB = 0x00;
   183  00FF6C  0E00               	movlw	0
   184  00FF6E  6E93               	movwf	3987,c	;volatile
   185                           
   186                           ;Lab2p5.c: 21: TRISC = 0x00;
   187  00FF70  0E00               	movlw	0
   188  00FF72  6E94               	movwf	3988,c	;volatile
   189                           
   190                           ;Lab2p5.c: 22: TRISD = 0x00;
   191  00FF74  0E00               	movlw	0
   192  00FF76  6E95               	movwf	3989,c	;volatile
   193                           
   194                           ;Lab2p5.c: 23: TRISE = 0x00;
   195  00FF78  0E00               	movlw	0
   196  00FF7A  6E96               	movwf	3990,c	;volatile
   197                           
   198                           ;Lab2p5.c: 24: ADCON1 = 0x0F;
   199  00FF7C  0E0F               	movlw	15
   200  00FF7E  6EC1               	movwf	4033,c	;volatile
   201                           
   202                           ;Lab2p5.c: 27: int array2 [8] = {0x06, 0x07, 0x00, 0x02, 0x03, 0x04, 0x05,0x01};
   203  00FF80  EE20  F025         	lfsr	2,main@F3452
   204  00FF84  EE10  F003         	lfsr	1,main@array2
   205  00FF88  0E0F               	movlw	15
   206  00FF8A                     u31:
   207  00FF8A  CFDB FFE3          	movff	plusw2,plusw1
   208  00FF8E  06E8               	decf	wreg,f,c
   209  00FF90  E2FC               	bc	u31
   210                           
   211                           ;Lab2p5.c: 28: int array3 [8] = {0x02, 0x07, 0x04, 0x00, 0x03, 0x01, 0x06, 0x05};
   212  00FF92  EE20  F035         	lfsr	2,main@F3454
   213  00FF96  EE10  F013         	lfsr	1,main@array3
   214  00FF9A  0E0F               	movlw	15
   215  00FF9C                     u41:
   216  00FF9C  CFDB FFE3          	movff	plusw2,plusw1
   217  00FFA0  06E8               	decf	wreg,f,c
   218  00FFA2  E2FC               	bc	u41
   219  00FFA4                     l30:
   220                           
   221                           ;Lab2p5.c: 31: {
   222                           ;Lab2p5.c: 32: for(int i=0; i <8; i++)
   223  00FFA4  0E00               	movlw	0
   224  00FFA6  6E24               	movwf	main@i+1,c
   225  00FFA8  0E00               	movlw	0
   226  00FFAA  6E23               	movwf	main@i,c
   227  00FFAC                     l635:
   228  00FFAC  BE24               	btfsc	main@i+1,7,c
   229  00FFAE  D008               	goto	l31
   230  00FFB0  5024               	movf	main@i+1,w,c
   231  00FFB2  E1F8               	bnz	l30
   232  00FFB4  0E08               	movlw	8
   233  00FFB6  5C23               	subwf	main@i,w,c
   234  00FFB8  B0D8               	btfsc	status,0,c
   235  00FFBA  D7F4               	goto	l30
   236  00FFBC  D001               	goto	l31
   237  00FFBE  D7F2               	goto	l30
   238  00FFC0                     l31:
   239                           
   240                           ;Lab2p5.c: 33: {
   241                           ;Lab2p5.c: 34: PORTB = i;
   242  00FFC0  C023  FF81         	movff	main@i,3969	;volatile
   243                           
   244                           ;Lab2p5.c: 35: PORTD = array2[i];
   245  00FFC4  90D8               	bcf	status,0,c
   246  00FFC6  3423               	rlcf	main@i,w,c
   247  00FFC8  6ED9               	movwf	fsr2l,c
   248  00FFCA  3424               	rlcf	main@i+1,w,c
   249  00FFCC  6EDA               	movwf	fsr2h,c
   250  00FFCE  0E03               	movlw	low main@array2
   251  00FFD0  26D9               	addwf	fsr2l,f,c
   252  00FFD2  0E00               	movlw	high main@array2
   253  00FFD4  22DA               	addwfc	fsr2h,f,c
   254  00FFD6  50DF               	movf	indf2,w,c
   255  00FFD8  6E83               	movwf	3971,c	;volatile
   256                           
   257                           ;Lab2p5.c: 36: PORTE = array3[i];
   258  00FFDA  90D8               	bcf	status,0,c
   259  00FFDC  3423               	rlcf	main@i,w,c
   260  00FFDE  6ED9               	movwf	fsr2l,c
   261  00FFE0  3424               	rlcf	main@i+1,w,c
   262  00FFE2  6EDA               	movwf	fsr2h,c
   263  00FFE4  0E13               	movlw	low main@array3
   264  00FFE6  26D9               	addwf	fsr2l,f,c
   265  00FFE8  0E00               	movlw	high main@array3
   266  00FFEA  22DA               	addwfc	fsr2h,f,c
   267  00FFEC  50DF               	movf	indf2,w,c
   268  00FFEE  6E84               	movwf	3972,c	;volatile
   269                           
   270                           ;Lab2p5.c: 37: Delay_One_Sec();
   271  00FFF0  EC90  F07F         	call	_Delay_One_Sec	;wreg free
   272  00FFF4  4A23               	infsnz	main@i,f,c
   273  00FFF6  2A24               	incf	main@i+1,f,c
   274  00FFF8  D7D9               	goto	l635
   275  00FFFA  D7D4               	goto	l30
   276  00FFFC  EF00  F000         	goto	start
   277  010000                     __end_of_main:
   278                           	opt stack 0
   279                           tblptru	equ	0xFF8
   280                           tblptrh	equ	0xFF7
   281                           tblptrl	equ	0xFF6
   282                           tablat	equ	0xFF5
   283                           postinc0	equ	0xFEE
   284                           wreg	equ	0xFE8
   285                           postdec1	equ	0xFE5
   286                           plusw1	equ	0xFE3
   287                           fsr1l	equ	0xFE1
   288                           indf2	equ	0xFDF
   289                           plusw2	equ	0xFDB
   290                           fsr2h	equ	0xFDA
   291                           fsr2l	equ	0xFD9
   292                           status	equ	0xFD8
   293                           
   294 ;; *************** function _Delay_One_Sec *****************
   295 ;; Defined at:
   296 ;;		line 11 in file "Lab2p5.c"
   297 ;; Parameters:    Size  Location     Type
   298 ;;		None
   299 ;; Auto vars:     Size  Location     Type
   300 ;;  I               2    0[COMRAM] int 
   301 ;; Return value:  Size  Location     Type
   302 ;;		None               void
   303 ;; Registers used:
   304 ;;		wreg, status,2, status,0
   305 ;; Tracked objects:
   306 ;;		On entry : 0/0
   307 ;;		On exit  : 0/0
   308 ;;		Unchanged: 0/0
   309 ;; Data sizes:     COMRAM   BANK0   BANK1   BANK2   BANK3   BANK4   BANK5   BANK6   BANK7   BANK8   BANK9  BANK10  BANK1
      +1  BANK12  BANK13  BANK14  BANK15
   310 ;;      Params:         0       0       0       0       0       0       0       0       0       0       0       0       
      +0       0       0       0       0
   311 ;;      Locals:         2       0       0       0       0       0       0       0       0       0       0       0       
      +0       0       0       0       0
   312 ;;      Temps:          0       0       0       0       0       0       0       0       0       0       0       0       
      +0       0       0       0       0
   313 ;;      Totals:         2       0       0       0       0       0       0       0       0       0       0       0       
      +0       0       0       0       0
   314 ;;Total ram usage:        2 bytes
   315 ;; Hardware stack levels used:    1
   316 ;; This function calls:
   317 ;;		Nothing
   318 ;; This function is called by:
   319 ;;		_main
   320 ;; This function uses a non-reentrant model
   321 ;;
   322                           
   323                           	psect	text1
   324  00FF20                     __ptext1:
   325                           	opt stack 0
   326  00FF20                     _Delay_One_Sec:
   327                           	opt stack 30
   328                           
   329                           ;Lab2p5.c: 13: for(int I=0; I <17000; I++);
   330                           
   331                           ;incstack = 0
   332  00FF20  0E00               	movlw	0
   333  00FF22  6E02               	movwf	Delay_One_Sec@I+1,c
   334  00FF24  0E00               	movlw	0
   335  00FF26  6E01               	movwf	Delay_One_Sec@I,c
   336  00FF28                     l619:
   337  00FF28  BE02               	btfsc	Delay_One_Sec@I+1,7,c
   338  00FF2A  D008               	goto	l623
   339  00FF2C  0E68               	movlw	104
   340  00FF2E  5C01               	subwf	Delay_One_Sec@I,w,c
   341  00FF30  0E42               	movlw	66
   342  00FF32  5802               	subwfb	Delay_One_Sec@I+1,w,c
   343  00FF34  B0D8               	btfsc	status,0,c
   344  00FF36  D005               	goto	l23
   345  00FF38  D001               	goto	l623
   346  00FF3A  D003               	goto	l23
   347  00FF3C                     l623:
   348  00FF3C  4A01               	infsnz	Delay_One_Sec@I,f,c
   349  00FF3E  2A02               	incf	Delay_One_Sec@I+1,f,c
   350  00FF40  D7F3               	goto	l619
   351  00FF42                     l23:
   352  00FF42  0012               	return		;funcret
   353  00FF44                     __end_of_Delay_One_Sec:
   354                           	opt stack 0
   355  0000                     tblptru	equ	0xFF8
   356                           tblptrh	equ	0xFF7
   357                           tblptrl	equ	0xFF6
   358                           tablat	equ	0xFF5
   359                           postinc0	equ	0xFEE
   360                           wreg	equ	0xFE8
   361                           postdec1	equ	0xFE5
   362                           plusw1	equ	0xFE3
   363                           fsr1l	equ	0xFE1
   364                           indf2	equ	0xFDF
   365                           plusw2	equ	0xFDB
   366                           fsr2h	equ	0xFDA
   367                           fsr2l	equ	0xFD9
   368                           status	equ	0xFD8
   369                           tblptru	equ	0xFF8
   370                           tblptrh	equ	0xFF7
   371                           tblptrl	equ	0xFF6
   372                           tablat	equ	0xFF5
   373                           postinc0	equ	0xFEE
   374                           wreg	equ	0xFE8
   375                           postdec1	equ	0xFE5
   376                           plusw1	equ	0xFE3
   377                           fsr1l	equ	0xFE1
   378                           indf2	equ	0xFDF
   379                           plusw2	equ	0xFDB
   380                           fsr2h	equ	0xFDA
   381                           fsr2l	equ	0xFD9
   382                           status	equ	0xFD8
   383                           
   384                           	psect	rparam
   385  0000                     tblptru	equ	0xFF8
   386                           tblptrh	equ	0xFF7
   387                           tblptrl	equ	0xFF6
   388                           tablat	equ	0xFF5
   389                           postinc0	equ	0xFEE
   390                           wreg	equ	0xFE8
   391                           postdec1	equ	0xFE5
   392                           plusw1	equ	0xFE3
   393                           fsr1l	equ	0xFE1
   394                           indf2	equ	0xFDF
   395                           plusw2	equ	0xFDB
   396                           fsr2h	equ	0xFDA
   397                           fsr2l	equ	0xFD9
   398                           status	equ	0xFD8


Data Sizes:
    Strings     0
    Constant    0
    Data        32
    BSS         0
    Persistent  0
    Stack       0

Auto Spaces:
    Space          Size  Autos    Used
    COMRAM          127     36      68
    BANK0           128      0       0
    BANK1           256      0       0
    BANK2           256      0       0
    BANK3           256      0       0
    BANK4           256      0       0
    BANK5           256      0       0
    BANK6           256      0       0
    BANK7           256      0       0
    BANK8           256      0       0
    BANK9           256      0       0
    BANK10          256      0       0
    BANK11          256      0       0
    BANK12          256      0       0
    BANK13          256      0       0
    BANK14          256      0       0
    BANK15          128      0       0

Pointer List with Targets:

    None.

Critical Paths under _main in COMRAM

    _main->_Delay_One_Sec

Critical Paths under _main in BANK0

    None.

Critical Paths under _main in BANK1

    None.

Critical Paths under _main in BANK2

    None.

Critical Paths under _main in BANK3

    None.

Critical Paths under _main in BANK4

    None.

Critical Paths under _main in BANK5

    None.

Critical Paths under _main in BANK6

    None.

Critical Paths under _main in BANK7

    None.

Critical Paths under _main in BANK8

    None.

Critical Paths under _main in BANK9

    None.

Critical Paths under _main in BANK10

    None.

Critical Paths under _main in BANK11

    None.

Critical Paths under _main in BANK12

    None.

Critical Paths under _main in BANK13

    None.

Critical Paths under _main in BANK14

    None.

Critical Paths under _main in BANK15

    None.

Call Graph Tables:

 ---------------------------------------------------------------------------------
 (Depth) Function   	        Calls       Base Space   Used Autos Params    Refs
 ---------------------------------------------------------------------------------
 (0) _main                                                35    35      0     135
                                              2 COMRAM    34    34      0
                      _Delay_One_Sec
 ---------------------------------------------------------------------------------
 (1) _Delay_One_Sec                                        2     2      0      30
                                              0 COMRAM     2     2      0
 ---------------------------------------------------------------------------------
 Estimated maximum stack depth 1
 ---------------------------------------------------------------------------------

 Call Graph Graphs:

 _main (ROOT)
   _Delay_One_Sec

 Address spaces:
Name               Size   Autos  Total    Cost      Usage
BIGRAM             F7F      0       0      37        0.0%
EEDATA             400      0       0       0        0.0%
BITBANK14          100      0       0      32        0.0%
BANK14             100      0       0      33        0.0%
BITBANK13          100      0       0      30        0.0%
BANK13             100      0       0      31        0.0%
BITBANK12          100      0       0      28        0.0%
BANK12             100      0       0      29        0.0%
BITBANK11          100      0       0      26        0.0%
BANK11             100      0       0      27        0.0%
BITBANK10          100      0       0      24        0.0%
BANK10             100      0       0      25        0.0%
BITBANK9           100      0       0      22        0.0%
BANK9              100      0       0      23        0.0%
BITBANK8           100      0       0      20        0.0%
BANK8              100      0       0      21        0.0%
BITBANK7           100      0       0      18        0.0%
BANK7              100      0       0      19        0.0%
BITBANK6           100      0       0      16        0.0%
BANK6              100      0       0      17        0.0%
BITBANK5           100      0       0      14        0.0%
BANK5              100      0       0      15        0.0%
BITBANK4           100      0       0      12        0.0%
BANK4              100      0       0      13        0.0%
BITBANK3           100      0       0      10        0.0%
BANK3              100      0       0      11        0.0%
BITBANK2           100      0       0       8        0.0%
BANK2              100      0       0       9        0.0%
BITBANK1           100      0       0       6        0.0%
BANK1              100      0       0       7        0.0%
BITBANK15           80      0       0      35        0.0%
BANK15              80      0       0      36        0.0%
BITBANK0            80      0       0       4        0.0%
BANK0               80      0       0       5        0.0%
BITCOMRAM           7F      0       0       0        0.0%
COMRAM              7F     24      44       1       53.5%
BITSFR               0      0       0      40        0.0%
SFR                  0      0       0      40        0.0%
STACK                0      0       0       2        0.0%
NULL                 0      0       0       0        0.0%
ABS                  0      0      44      34        0.0%
DATA                 0      0      44       3        0.0%
CODE                 0      0       0       0        0.0%


Microchip Technology PIC18 Macro Assembler V1.34 build -361300703 
Symbol Table                                                                                   Thu Sep 08 16:55:15 2022

                     l30 FFA4                       l23 FF42                       l31 FFC0  
                     u31 FF8A                       u41 FF9C                      l623 FF3C  
                    l619 FF28                      l635 FFAC                      wreg 000FE8  
           __CFG_LVP$OFF 000000             __CFG_WDT$OFF 000000                     _main FF6A  
                   fsr2h 000FDA                     fsr1l 000FE1                     indf2 000FDF  
                   fsr2l 000FD9                     start 0000             ___param_bank 000010  
                  ?_main 0001                    _PORTB 000F81                    _PORTD 000F83  
                  _PORTE 000F84                    _TRISA 000F92                    _TRISB 000F93  
                  _TRISC 000F94                    _TRISD 000F95                    _TRISE 000F96  
                  main@i 0023           __CFG_BOREN$OFF 000000                    tablat 000FF5  
                  plusw1 000FE3                    plusw2 000FDB                    status 000FD8  
        __initialization FF44             __end_of_main 0000                   ??_main 0003  
          __activetblptr 000000                   _ADCON1 000FC1             __pdataCOMRAM 0025  
                 tblptrh 000FF7                   tblptrl 000FF6                   tblptru 000FF8  
             __accesstop 0080  __end_of__initialization FF64            ___rparam_used 000001  
         __pcstackCOMRAM 0001           Delay_One_Sec@I 0001   __size_of_Delay_One_Sec 0024  
                __Hparam 0000                  __Lparam 0000                  __pcinit FF44  
                __ramtop 1000                  __ptext0 FF6A                  __ptext1 FF20  
   end_of_initialization FF64            _Delay_One_Sec FF20                  postdec1 000FE5  
                postinc0 000FEE           ?_Delay_One_Sec 0001               main@array2 0003  
             main@array3 0013            __pidataCOMRAM FF00      start_initialization FF44  
       __CFG_OSC$INTIO67 000000          ??_Delay_One_Sec 0001                main@F3452 0025  
              main@F3454 0035                copy_data0 FF58                 __Hrparam 0000  
               __Lrparam 0000            __size_of_main 0096    __end_of_Delay_One_Sec FF44  
